[NbConvertApp] Converting notebook lsst_stack_deblender.ipynb to notebook
[NbConvertApp] Executing notebook with kernel: lsst
CameraMapper INFO: Loading exposure registry from /datasets/hsc/repo/registry.sqlite3
CameraMapper INFO: Loading calib registry from /datasets/hsc/repo/CALIB/calibRegistry.sqlite3
CameraMapper INFO: Loading calib registry from /datasets/hsc/repo/CALIB/calibRegistry.sqlite3
HscMapper WARN: Unable to find calib root directory
[NbConvertApp] ERROR | Error while converting 'lsst_stack_deblender.ipynb'
Traceback (most recent call last):
  File "/usr/local/lib/python3.6/site-packages/nbconvert/nbconvertapp.py", line 408, in export_single_notebook
    output, resources = self.exporter.from_filename(notebook_filename, resources=resources)
  File "/usr/local/lib/python3.6/site-packages/nbconvert/exporters/exporter.py", line 179, in from_filename
    return self.from_file(f, resources=resources, **kw)
  File "/usr/local/lib/python3.6/site-packages/nbconvert/exporters/exporter.py", line 197, in from_file
    return self.from_notebook_node(nbformat.read(file_stream, as_version=4), resources=resources, **kw)
  File "/usr/local/lib/python3.6/site-packages/nbconvert/exporters/notebook.py", line 32, in from_notebook_node
    nb_copy, resources = super(NotebookExporter, self).from_notebook_node(nb, resources, **kw)
  File "/usr/local/lib/python3.6/site-packages/nbconvert/exporters/exporter.py", line 139, in from_notebook_node
    nb_copy, resources = self._preprocess(nb_copy, resources)
  File "/usr/local/lib/python3.6/site-packages/nbconvert/exporters/exporter.py", line 316, in _preprocess
    nbc, resc = preprocessor(nbc, resc)
  File "/usr/local/lib/python3.6/site-packages/nbconvert/preprocessors/base.py", line 47, in __call__
    return self.preprocess(nb, resources)
  File "/usr/local/lib/python3.6/site-packages/nbconvert/preprocessors/execute.py", line 381, in preprocess
    nb, resources = super(ExecutePreprocessor, self).preprocess(nb, resources)
  File "/usr/local/lib/python3.6/site-packages/nbconvert/preprocessors/base.py", line 69, in preprocess
    nb.cells[index], resources = self.preprocess_cell(cell, resources, index)
  File "/usr/local/lib/python3.6/site-packages/nbconvert/preprocessors/execute.py", line 424, in preprocess_cell
    raise CellExecutionError.from_cell_and_msg(cell, out)
nbconvert.preprocessors.execute.CellExecutionError: An error occurred while executing the following cell:
------------------
from lsst.meas.algorithms import SourceDetectionTask
from lsst.meas.extensions.scarlet import ScarletDeblendTask
from lsst.meas.base import SingleFrameMeasurementTask
from lsst.afw.table import SourceCatalog
------------------

[0;31m---------------------------------------------------------------------------[0m
[0;31mModuleNotFoundError[0m                       Traceback (most recent call last)
[0;32m<ipython-input-13-fc6373c50038>[0m in [0;36m<module>[0;34m[0m
[1;32m      1[0m [0;32mfrom[0m [0mlsst[0m[0;34m.[0m[0mmeas[0m[0;34m.[0m[0malgorithms[0m [0;32mimport[0m [0mSourceDetectionTask[0m[0;34m[0m[0;34m[0m[0m
[0;32m----> 2[0;31m [0;32mfrom[0m [0mlsst[0m[0;34m.[0m[0mmeas[0m[0;34m.[0m[0mextensions[0m[0;34m.[0m[0mscarlet[0m [0;32mimport[0m [0mScarletDeblendTask[0m[0;34m[0m[0;34m[0m[0m
[0m[1;32m      3[0m [0;32mfrom[0m [0mlsst[0m[0;34m.[0m[0mmeas[0m[0;34m.[0m[0mbase[0m [0;32mimport[0m [0mSingleFrameMeasurementTask[0m[0;34m[0m[0;34m[0m[0m
[1;32m      4[0m [0;32mfrom[0m [0mlsst[0m[0;34m.[0m[0mafw[0m[0;34m.[0m[0mtable[0m [0;32mimport[0m [0mSourceCatalog[0m[0;34m[0m[0;34m[0m[0m

[0;31mModuleNotFoundError[0m: No module named 'lsst.meas.extensions.scarlet'
ModuleNotFoundError: No module named 'lsst.meas.extensions.scarlet'

